2022-04-04 07:51:49.244  INFO 6264 --- [main] c.w.e.EurekaServerApplication            : Starting EurekaServerApplication using Java 17 on DESKTOP-HB7E3FD with PID 6264 (C:\Users\user\Desktop\code\whatsapp-clone-microservices\eureka_server\target\classes started by user in C:\Users\user\Desktop\code\whatsapp-clone-microservices\eureka_server)
2022-04-04 07:51:49.259  INFO 6264 --- [main] c.w.e.EurekaServerApplication            : No active profile set, falling back to 1 default profile: "default"
2022-04-04 07:51:51.904  INFO 6264 --- [main] o.s.cloud.context.scope.GenericScope     : BeanFactory id=25eda9e0-56ef-3976-b92e-b1826873253f
2022-04-04 07:51:53.404  INFO 6264 --- [main] o.s.b.w.embedded.tomcat.TomcatWebServer  : Tomcat initialized with port(s): 8761 (http)
2022-04-04 07:51:53.454  INFO 6264 --- [main] o.apache.catalina.core.StandardService   : Starting service [Tomcat]
2022-04-04 07:51:53.458  INFO 6264 --- [main] org.apache.catalina.core.StandardEngine  : Starting Servlet engine: [Apache Tomcat/9.0.60]
2022-04-04 07:51:54.116  INFO 6264 --- [main] o.a.c.c.C.[Tomcat].[localhost].[/]       : Initializing Spring embedded WebApplicationContext
2022-04-04 07:51:54.145  INFO 6264 --- [main] w.s.c.ServletWebServerApplicationContext : Root WebApplicationContext: initialization completed in 4807 ms
2022-04-04 07:51:55.817  INFO 6264 --- [main] c.s.j.s.i.a.WebApplicationImpl           : Initiating Jersey application, version 'Jersey: 1.19.4 05/24/2017 03:20 PM'
2022-04-04 07:51:55.985  INFO 6264 --- [main] c.n.d.provider.DiscoveryJerseyProvider   : Using JSON encoding codec LegacyJacksonJson
2022-04-04 07:51:55.988  INFO 6264 --- [main] c.n.d.provider.DiscoveryJerseyProvider   : Using JSON decoding codec LegacyJacksonJson
2022-04-04 07:51:56.405  INFO 6264 --- [main] c.n.d.provider.DiscoveryJerseyProvider   : Using XML encoding codec XStreamXml
2022-04-04 07:51:56.406  INFO 6264 --- [main] c.n.d.provider.DiscoveryJerseyProvider   : Using XML decoding codec XStreamXml
2022-04-04 07:51:58.380  INFO 6264 --- [main] DiscoveryClientOptionalArgsConfiguration : Eureka HTTP Client uses Jersey
2022-04-04 07:51:58.471  WARN 6264 --- [main] iguration$LoadBalancerCaffeineWarnLogger : Spring Cloud LoadBalancer is currently working with the default cache. While this cache implementation is useful for development and tests, it's recommended to use Caffeine cache in production.You can switch to using Caffeine cache, by adding it and org.springframework.cache.caffeine.CaffeineCacheManager to the classpath.
2022-04-04 07:51:58.498  INFO 6264 --- [main] o.s.c.n.eureka.InstanceInfoFactory       : Setting initial instance status as: STARTING
2022-04-04 07:51:58.556  INFO 6264 --- [main] com.netflix.discovery.DiscoveryClient    : Initializing Eureka in region us-east-1
2022-04-04 07:51:58.557  INFO 6264 --- [main] com.netflix.discovery.DiscoveryClient    : Client configured to neither register nor query for data.
2022-04-04 07:51:58.577  INFO 6264 --- [main] com.netflix.discovery.DiscoveryClient    : Discovery Client initialized at timestamp 1649047918575 with initial instances count: 0
2022-04-04 07:51:58.647  INFO 6264 --- [main] c.n.eureka.DefaultEurekaServerContext    : Initializing ...
2022-04-04 07:51:58.651  INFO 6264 --- [main] c.n.eureka.cluster.PeerEurekaNodes       : Adding new peer nodes [http://localhost:8761/eureka/]
2022-04-04 07:51:59.080  INFO 6264 --- [main] c.n.d.provider.DiscoveryJerseyProvider   : Using JSON encoding codec LegacyJacksonJson
2022-04-04 07:51:59.081  INFO 6264 --- [main] c.n.d.provider.DiscoveryJerseyProvider   : Using JSON decoding codec LegacyJacksonJson
2022-04-04 07:51:59.082  INFO 6264 --- [main] c.n.d.provider.DiscoveryJerseyProvider   : Using XML encoding codec XStreamXml
2022-04-04 07:51:59.083  INFO 6264 --- [main] c.n.d.provider.DiscoveryJerseyProvider   : Using XML decoding codec XStreamXml
2022-04-04 07:51:59.392  INFO 6264 --- [main] c.n.eureka.cluster.PeerEurekaNodes       : Replica node URL:  http://localhost:8761/eureka/
2022-04-04 07:51:59.451  INFO 6264 --- [main] c.n.e.registry.AbstractInstanceRegistry  : Finished initializing remote region registries. All known remote regions: []
2022-04-04 07:51:59.467  INFO 6264 --- [main] c.n.eureka.DefaultEurekaServerContext    : Initialized
2022-04-04 07:51:59.482  INFO 6264 --- [main] o.s.b.a.e.web.EndpointLinksResolver      : Exposing 1 endpoint(s) beneath base path '/actuator'
2022-04-04 07:51:59.533  INFO 6264 --- [main] o.s.c.n.e.s.EurekaServiceRegistry        : Registering application UNKNOWN with eureka with status UP
2022-04-04 07:51:59.539  INFO 6264 --- [Thread-9] o.s.c.n.e.server.EurekaServerBootstrap   : Setting the eureka configuration..
2022-04-04 07:51:59.560  INFO 6264 --- [Thread-9] o.s.c.n.e.server.EurekaServerBootstrap   : isAws returned false
2022-04-04 07:51:59.561  INFO 6264 --- [Thread-9] o.s.c.n.e.server.EurekaServerBootstrap   : Initialized server context
2022-04-04 07:51:59.563  INFO 6264 --- [Thread-9] c.n.e.r.PeerAwareInstanceRegistryImpl    : Got 1 instances from neighboring DS node
2022-04-04 07:51:59.563  INFO 6264 --- [Thread-9] c.n.e.r.PeerAwareInstanceRegistryImpl    : Renew threshold is: 1
2022-04-04 07:51:59.564  INFO 6264 --- [Thread-9] c.n.e.r.PeerAwareInstanceRegistryImpl    : Changing status to UP
2022-04-04 07:51:59.587  INFO 6264 --- [main] o.s.b.w.embedded.tomcat.TomcatWebServer  : Tomcat started on port(s): 8761 (http) with context path ''
2022-04-04 07:51:59.590  INFO 6264 --- [main] .s.c.n.e.s.EurekaAutoServiceRegistration : Updating port to 8761
2022-04-04 07:51:59.650  INFO 6264 --- [Thread-9] e.s.EurekaServerInitializerConfiguration : Started Eureka Server
2022-04-04 07:51:59.792  INFO 6264 --- [main] c.w.e.EurekaServerApplication            : Started EurekaServerApplication in 11.341 seconds (JVM running for 11.865)
2022-04-04 07:52:02.015  INFO 6264 --- [http-nio-8761-exec-2] o.a.c.c.C.[Tomcat].[localhost].[/]       : Initializing Spring DispatcherServlet 'dispatcherServlet'
2022-04-04 07:52:02.016  INFO 6264 --- [http-nio-8761-exec-2] o.s.web.servlet.DispatcherServlet        : Initializing Servlet 'dispatcherServlet'
2022-04-04 07:52:02.018  INFO 6264 --- [http-nio-8761-exec-2] o.s.web.servlet.DispatcherServlet        : Completed initialization in 2 ms
2022-04-04 07:52:02.283  INFO 6264 --- [http-nio-8761-exec-1] c.n.e.registry.AbstractInstanceRegistry  : Registered instance CONFIG-SERVER/DESKTOP-HB7E3FD:CONFIG-SERVER:8085 with status UP (replication=false)
2022-04-04 07:52:02.866  INFO 6264 --- [http-nio-8761-exec-4] c.n.e.registry.AbstractInstanceRegistry  : Registered instance CONFIG-SERVER/DESKTOP-HB7E3FD:CONFIG-SERVER:8085 with status UP (replication=true)
2022-04-04 07:52:17.735  WARN 6264 --- [http-nio-8761-exec-3] c.n.e.registry.AbstractInstanceRegistry  : No remote registry available for the remote region us-east-1
2022-04-04 07:52:31.724  INFO 6264 --- [http-nio-8761-exec-8] c.n.e.registry.AbstractInstanceRegistry  : Registered instance PROFILE-SERVICE/DESKTOP-HB7E3FD:PROFILE-SERVICE:8083 with status UP (replication=false)
2022-04-04 07:52:32.241  INFO 6264 --- [http-nio-8761-exec-4] c.n.e.registry.AbstractInstanceRegistry  : Registered instance PROFILE-SERVICE/DESKTOP-HB7E3FD:PROFILE-SERVICE:8083 with status UP (replication=true)
2022-04-04 07:52:36.435  INFO 6264 --- [http-nio-8761-exec-6] c.n.e.registry.AbstractInstanceRegistry  : Registered instance PROFILE-SERVICE/DESKTOP-HB7E3FD:PROFILE-SERVICE:8083 with status UP (replication=false)
2022-04-04 07:52:36.943  INFO 6264 --- [http-nio-8761-exec-9] c.n.e.registry.AbstractInstanceRegistry  : Registered instance PROFILE-SERVICE/DESKTOP-HB7E3FD:PROFILE-SERVICE:8083 with status UP (replication=true)
2022-04-04 07:52:40.779  INFO 6264 --- [http-nio-8761-exec-10] c.n.e.registry.AbstractInstanceRegistry  : Registered instance PROFILE-SERVICE/DESKTOP-HB7E3FD:PROFILE-SERVICE:8083 with status UP (replication=false)
2022-04-04 07:52:41.296  INFO 6264 --- [http-nio-8761-exec-4] c.n.e.registry.AbstractInstanceRegistry  : Registered instance PROFILE-SERVICE/DESKTOP-HB7E3FD:PROFILE-SERVICE:8083 with status UP (replication=true)
2022-04-04 07:52:45.213  INFO 6264 --- [http-nio-8761-exec-6] c.n.e.registry.AbstractInstanceRegistry  : Registered instance PROFILE-SERVICE/DESKTOP-HB7E3FD:PROFILE-SERVICE:8083 with status UP (replication=false)
2022-04-04 07:52:45.719  INFO 6264 --- [http-nio-8761-exec-9] c.n.e.registry.AbstractInstanceRegistry  : Registered instance PROFILE-SERVICE/DESKTOP-HB7E3FD:PROFILE-SERVICE:8083 with status UP (replication=true)
2022-04-04 07:52:49.112  INFO 6264 --- [http-nio-8761-exec-10] c.n.e.registry.AbstractInstanceRegistry  : Registered instance PROFILE-SERVICE/DESKTOP-HB7E3FD:PROFILE-SERVICE:8083 with status UP (replication=false)
2022-04-04 07:52:49.164  INFO 6264 --- [http-nio-8761-exec-1] c.n.e.registry.AbstractInstanceRegistry  : Registered instance PROFILE-SERVICE/DESKTOP-HB7E3FD:PROFILE-SERVICE:8083 with status DOWN (replication=false)
2022-04-04 07:52:49.673  INFO 6264 --- [http-nio-8761-exec-4] c.n.e.registry.AbstractInstanceRegistry  : Registered instance PROFILE-SERVICE/DESKTOP-HB7E3FD:PROFILE-SERVICE:8083 with status DOWN (replication=true)
2022-04-04 07:52:53.192  INFO 6264 --- [http-nio-8761-exec-3] c.n.e.registry.AbstractInstanceRegistry  : Cancelled instance PROFILE-SERVICE/DESKTOP-HB7E3FD:PROFILE-SERVICE:8083 (replication=false)
2022-04-04 07:52:53.208  INFO 6264 --- [http-nio-8761-exec-6] c.n.e.registry.AbstractInstanceRegistry  : Registered instance PROFILE-SERVICE/DESKTOP-HB7E3FD:PROFILE-SERVICE:8083 with status DOWN (replication=false)
2022-04-04 07:52:53.703  INFO 6264 --- [http-nio-8761-exec-5] c.n.e.registry.AbstractInstanceRegistry  : Cancelled instance PROFILE-SERVICE/DESKTOP-HB7E3FD:PROFILE-SERVICE:8083 (replication=true)
2022-04-04 07:52:53.704  INFO 6264 --- [http-nio-8761-exec-5] c.n.e.registry.AbstractInstanceRegistry  : Registered instance PROFILE-SERVICE/DESKTOP-HB7E3FD:PROFILE-SERVICE:8083 with status DOWN (replication=true)
2022-04-04 07:52:56.221  INFO 6264 --- [http-nio-8761-exec-7] c.n.e.registry.AbstractInstanceRegistry  : Cancelled instance PROFILE-SERVICE/DESKTOP-HB7E3FD:PROFILE-SERVICE:8083 (replication=false)
2022-04-04 07:52:56.234  INFO 6264 --- [http-nio-8761-exec-9] c.n.e.registry.AbstractInstanceRegistry  : Registered instance PROFILE-SERVICE/DESKTOP-HB7E3FD:PROFILE-SERVICE:8083 with status DOWN (replication=false)
2022-04-04 07:52:56.733  INFO 6264 --- [http-nio-8761-exec-8] c.n.e.registry.AbstractInstanceRegistry  : Cancelled instance PROFILE-SERVICE/DESKTOP-HB7E3FD:PROFILE-SERVICE:8083 (replication=true)
2022-04-04 07:52:56.734  INFO 6264 --- [http-nio-8761-exec-8] c.n.e.registry.AbstractInstanceRegistry  : Registered instance PROFILE-SERVICE/DESKTOP-HB7E3FD:PROFILE-SERVICE:8083 with status DOWN (replication=true)
2022-04-04 07:52:59.261  INFO 6264 --- [http-nio-8761-exec-2] c.n.e.registry.AbstractInstanceRegistry  : Cancelled instance PROFILE-SERVICE/DESKTOP-HB7E3FD:PROFILE-SERVICE:8083 (replication=false)
2022-04-04 07:52:59.277  INFO 6264 --- [http-nio-8761-exec-10] c.n.e.registry.AbstractInstanceRegistry  : Registered instance PROFILE-SERVICE/DESKTOP-HB7E3FD:PROFILE-SERVICE:8083 with status DOWN (replication=false)
2022-04-04 07:52:59.568  INFO 6264 --- [Eureka-EvictionTimer] c.n.e.registry.AbstractInstanceRegistry  : Running the evict task with compensationTime 0ms
2022-04-04 07:52:59.769  INFO 6264 --- [http-nio-8761-exec-1] c.n.e.registry.AbstractInstanceRegistry  : Cancelled instance PROFILE-SERVICE/DESKTOP-HB7E3FD:PROFILE-SERVICE:8083 (replication=true)
2022-04-04 07:52:59.770  INFO 6264 --- [http-nio-8761-exec-1] c.n.e.registry.AbstractInstanceRegistry  : Registered instance PROFILE-SERVICE/DESKTOP-HB7E3FD:PROFILE-SERVICE:8083 with status DOWN (replication=true)
2022-04-04 07:53:00.002  WARN 6264 --- [Eureka-CacheFillTimer] c.n.e.registry.AbstractInstanceRegistry  : No remote registry available for the remote region us-east-1
2022-04-04 07:53:02.298  INFO 6264 --- [http-nio-8761-exec-6] c.n.e.registry.AbstractInstanceRegistry  : Cancelled instance PROFILE-SERVICE/DESKTOP-HB7E3FD:PROFILE-SERVICE:8083 (replication=false)
2022-04-04 07:53:02.311  INFO 6264 --- [http-nio-8761-exec-5] c.n.e.registry.AbstractInstanceRegistry  : Registered instance PROFILE-SERVICE/DESKTOP-HB7E3FD:PROFILE-SERVICE:8083 with status DOWN (replication=false)
2022-04-04 07:53:02.661  INFO 6264 --- [http-nio-8761-exec-7] c.n.e.registry.AbstractInstanceRegistry  : Cancelled instance PROFILE-SERVICE/DESKTOP-HB7E3FD:PROFILE-SERVICE:8083 (replication=true)
2022-04-04 07:53:02.662  INFO 6264 --- [http-nio-8761-exec-7] c.n.e.registry.AbstractInstanceRegistry  : Registered instance PROFILE-SERVICE/DESKTOP-HB7E3FD:PROFILE-SERVICE:8083 with status DOWN (replication=true)
2022-04-04 07:53:05.334  INFO 6264 --- [http-nio-8761-exec-9] c.n.e.registry.AbstractInstanceRegistry  : Cancelled instance PROFILE-SERVICE/DESKTOP-HB7E3FD:PROFILE-SERVICE:8083 (replication=false)
2022-04-04 07:53:05.844  WARN 6264 --- [http-nio-8761-exec-5] c.n.e.registry.AbstractInstanceRegistry  : DS: Registry: cancel failed because Lease is not registered for: PROFILE-SERVICE/DESKTOP-HB7E3FD:PROFILE-SERVICE:8083
2022-04-04 07:53:05.845  INFO 6264 --- [http-nio-8761-exec-5] c.n.eureka.resources.InstanceResource    : Not Found (Cancel): PROFILE-SERVICE - DESKTOP-HB7E3FD:PROFILE-SERVICE:8083
2022-04-04 07:53:05.847  WARN 6264 --- [TaskBatchingWorker-target_localhost-10] c.n.eureka.cluster.ReplicationTask       : The replication of task PROFILE-SERVICE/DESKTOP-HB7E3FD:PROFILE-SERVICE:8083:Cancel@localhost failed with response code 404
2022-04-04 07:53:05.849  WARN 6264 --- [TaskBatchingWorker-target_localhost-10] c.netflix.eureka.cluster.PeerEurekaNode  : PROFILE-SERVICE/DESKTOP-HB7E3FD:PROFILE-SERVICE:8083:Cancel@localhost: missing entry.
2022-04-04 07:53:30.003  WARN 6264 --- [Eureka-CacheFillTimer] c.n.e.registry.AbstractInstanceRegistry  : No remote registry available for the remote region us-east-1
2022-04-04 07:53:59.569  INFO 6264 --- [Eureka-EvictionTimer] c.n.e.registry.AbstractInstanceRegistry  : Running the evict task with compensationTime 0ms
2022-04-04 07:54:59.569  INFO 6264 --- [Eureka-EvictionTimer] c.n.e.registry.AbstractInstanceRegistry  : Running the evict task with compensationTime 1ms
2022-04-04 07:55:59.570  INFO 6264 --- [Eureka-EvictionTimer] c.n.e.registry.AbstractInstanceRegistry  : Running the evict task with compensationTime 0ms
2022-04-04 07:56:30.009  WARN 6264 --- [Eureka-CacheFillTimer] c.n.e.registry.AbstractInstanceRegistry  : No remote registry available for the remote region us-east-1
2022-04-04 07:56:59.570  INFO 6264 --- [Eureka-EvictionTimer] c.n.e.registry.AbstractInstanceRegistry  : Running the evict task with compensationTime 0ms
2022-04-04 07:57:59.571  INFO 6264 --- [Eureka-EvictionTimer] c.n.e.registry.AbstractInstanceRegistry  : Running the evict task with compensationTime 0ms
2022-04-04 07:58:59.571  INFO 6264 --- [Eureka-EvictionTimer] c.n.e.registry.AbstractInstanceRegistry  : Running the evict task with compensationTime 0ms
2022-04-04 07:59:30.013  WARN 6264 --- [Eureka-CacheFillTimer] c.n.e.registry.AbstractInstanceRegistry  : No remote registry available for the remote region us-east-1
2022-04-04 07:59:59.572  INFO 6264 --- [Eureka-EvictionTimer] c.n.e.registry.AbstractInstanceRegistry  : Running the evict task with compensationTime 0ms
2022-04-04 08:00:59.572  INFO 6264 --- [Eureka-EvictionTimer] c.n.e.registry.AbstractInstanceRegistry  : Running the evict task with compensationTime 0ms
2022-04-04 08:01:59.573  INFO 6264 --- [Eureka-EvictionTimer] c.n.e.registry.AbstractInstanceRegistry  : Running the evict task with compensationTime 0ms
2022-04-04 08:02:30.015  WARN 6264 --- [Eureka-CacheFillTimer] c.n.e.registry.AbstractInstanceRegistry  : No remote registry available for the remote region us-east-1
2022-04-04 08:02:59.584  INFO 6264 --- [Eureka-EvictionTimer] c.n.e.registry.AbstractInstanceRegistry  : Running the evict task with compensationTime 11ms
2022-04-04 08:03:59.584  INFO 6264 --- [Eureka-EvictionTimer] c.n.e.registry.AbstractInstanceRegistry  : Running the evict task with compensationTime 0ms
